Looking for git in: git
Using git 2.26.2 from git
> git rev-parse --show-toplevel
> git rev-parse --git-dir
Open repository: /home/uppercenter/Desktop/Projects/derguns.town
> git fetch
> git status -z -u
> git symbolic-ref --short HEAD
> git rev-parse development
> git rev-parse --symbolic-full-name development@{u}
> git rev-list --left-right development...refs/remotes/origin/development
> git for-each-ref --format %(refname) %(objectname) --sort -committerdate
> git remote --verbose
> git config --get commit.template
> git show :package.json
> git ls-files --stage -- /home/uppercenter/Desktop/Projects/derguns.town/package.json
> git cat-file -s 03ec5fd602dfa9c2f4a8acb2246b18b4545e7a54
> git check-ignore -v -z --stdin
> git ls-files --stage -- /home/uppercenter/Desktop/Projects/derguns.town/package.json
> git cat-file -s 03ec5fd602dfa9c2f4a8acb2246b18b4545e7a54
> git show :package.json
/bin/sh: warning: setlocale: LC_ALL: cannot change locale (en_US.UTF-8)
/bin/sh: warning: setlocale: LC_ALL: cannot change locale (en_US.UTF-8)
> git status -z -u
> git symbolic-ref --short HEAD
> git rev-parse development
> git rev-parse --symbolic-full-name development@{u}
> git rev-list --left-right development...refs/remotes/origin/development
> git for-each-ref --format %(refname) %(objectname) --sort -committerdate
> git remote --verbose
> git config --get commit.template
> git ls-files --stage -- /home/uppercenter/Desktop/Projects/derguns.town/package.json
> git cat-file -s 03ec5fd602dfa9c2f4a8acb2246b18b4545e7a54
> git show :package.json
> git status -z -u
> git symbolic-ref --short HEAD
> git rev-parse development
> git rev-parse --symbolic-full-name development@{u}
> git rev-list --left-right development...refs/remotes/origin/development
> git for-each-ref --format %(refname) %(objectname) --sort -committerdate
> git remote --verbose
> git config --get commit.template
> git show :src/ts/server/mapUtils.ts
> git ls-files --stage -- /home/uppercenter/Desktop/Projects/derguns.town/src/ts/server/mapUtils.ts
> git cat-file -s 986a2e8ff5a2f7d31bb9c4376110f8474121a2bb
> git check-ignore -v -z --stdin
> git pull --tags origin development
> git ls-files --stage -- /home/uppercenter/Desktop/Projects/derguns.town/src/ts/server/mapUtils.ts
> git cat-file -s 986a2e8ff5a2f7d31bb9c4376110f8474121a2bb
> git show :src/ts/server/mapUtils.ts
/bin/sh: warning: setlocale: LC_ALL: cannot change locale (en_US.UTF-8)
/bin/sh: warning: setlocale: LC_ALL: cannot change locale (en_US.UTF-8)
From https://github.com/UpperCenter/derguns.town
 * branch              development -> FETCH_HEAD
> git status -z -u
> git symbolic-ref --short HEAD
> git rev-parse development
> git rev-parse --symbolic-full-name development@{u}
> git rev-list --left-right development...refs/remotes/origin/development
> git for-each-ref --format %(refname) %(objectname) --sort -committerdate
> git remote --verbose
> git config --get commit.template
> git ls-files --stage -- /home/uppercenter/Desktop/Projects/derguns.town/src/ts/server/mapUtils.ts
> git cat-file -s 986a2e8ff5a2f7d31bb9c4376110f8474121a2bb
> git show :src/ts/server/mapUtils.ts
> git check-ignore -v -z --stdin
> git status -z -u
> git symbolic-ref --short HEAD
> git rev-parse development
> git rev-parse --symbolic-full-name development@{u}
> git rev-list --left-right development...refs/remotes/origin/development
> git for-each-ref --format %(refname) %(objectname) --sort -committerdate
> git remote --verbose
> git config --get commit.template
> git add -A -- .
> git commit --quiet --allow-empty-message --file -
/bin/sh: warning: setlocale: LC_ALL: cannot change locale (en_US.UTF-8)
> git status -z -u
> git symbolic-ref --short HEAD
> git rev-parse development
> git rev-parse --symbolic-full-name development@{u}
> git rev-list --left-right development...refs/remotes/origin/development
> git for-each-ref --format %(refname) %(objectname) --sort -committerdate
> git remote --verbose
> git config --get commit.template
> git config --get commit.template
> git ls-files --stage -- /home/uppercenter/Desktop/Projects/derguns.town/src/ts/server/mapUtils.ts
> git cat-file -s 986a2e8ff5a2f7d31bb9c4376110f8474121a2bb
> git show :src/ts/server/mapUtils.ts
> git status -z -u
> git symbolic-ref --short HEAD
> git rev-parse development
> git rev-parse --symbolic-full-name development@{u}
> git rev-list --left-right development...refs/remotes/origin/development
> git for-each-ref --format %(refname) %(objectname) --sort -committerdate
> git remote --verbose
> git config --get commit.template
> git pull --tags origin development
> git ls-files --stage -- /home/uppercenter/Desktop/Projects/derguns.town/src/ts/server/mapUtils.ts
> git cat-file -s 986a2e8ff5a2f7d31bb9c4376110f8474121a2bb
> git show :src/ts/server/mapUtils.ts
/bin/sh: warning: setlocale: LC_ALL: cannot change locale (en_US.UTF-8)
/bin/sh: warning: setlocale: LC_ALL: cannot change locale (en_US.UTF-8)
From https://github.com/UpperCenter/derguns.town
 * branch              development -> FETCH_HEAD
> git push origin development:development
> git ls-files --stage -- /home/uppercenter/Desktop/Projects/derguns.town/src/ts/server/mapUtils.ts
> git cat-file -s 986a2e8ff5a2f7d31bb9c4376110f8474121a2bb
> git show :src/ts/server/mapUtils.ts
/bin/sh: warning: setlocale: LC_ALL: cannot change locale (en_US.UTF-8)
/bin/sh: warning: setlocale: LC_ALL: cannot change locale (en_US.UTF-8)
/bin/sh: warning: setlocale: LC_ALL: cannot change locale (en_US.UTF-8)
/bin/sh: warning: setlocale: LC_ALL: cannot change locale (en_US.UTF-8)
/bin/sh: warning: setlocale: LC_ALL: cannot change locale (en_US.UTF-8)
To https://github.com/UpperCenter/derguns.town.git
   1f05a2bc..b6b67fc2  development -> development
> git status -z -u
> git symbolic-ref --short HEAD
> git rev-parse development
> git rev-parse --symbolic-full-name development@{u}
> git rev-list --left-right development...refs/remotes/origin/development
> git for-each-ref --format %(refname) %(objectname) --sort -committerdate
> git remote --verbose
> git config --get commit.template
> git ls-files --stage -- /home/uppercenter/Desktop/Projects/derguns.town/src/ts/server/mapUtils.ts
> git cat-file -s 986a2e8ff5a2f7d31bb9c4376110f8474121a2bb
> git show :src/ts/server/mapUtils.ts
> git status -z -u
> git symbolic-ref --short HEAD
> git rev-parse development
> git rev-parse --symbolic-full-name development@{u}
> git rev-list --left-right development...refs/remotes/origin/development
> git for-each-ref --format %(refname) %(objectname) --sort -committerdate
> git remote --verbose
> git config --get commit.template
> git fetch
> git status -z -u
> git symbolic-ref --short HEAD
> git rev-parse development
> git rev-parse --symbolic-full-name development@{u}
> git rev-list --left-right development...refs/remotes/origin/development
> git for-each-ref --format %(refname) %(objectname) --sort -committerdate
> git remote --verbose
> git config --get commit.template
/bin/sh: warning: setlocale: LC_ALL: cannot change locale (en_US.UTF-8)
/bin/sh: warning: setlocale: LC_ALL: cannot change locale (en_US.UTF-8)
> git status -z -u
> git symbolic-ref --short HEAD
> git rev-parse development
> git rev-parse --symbolic-full-name development@{u}
> git rev-list --left-right development...refs/remotes/origin/development
> git for-each-ref --format %(refname) %(objectname) --sort -committerdate
> git remote --verbose
> git config --get commit.template
> git fetch
> git status -z -u
> git symbolic-ref --short HEAD
> git rev-parse development
> git rev-parse --symbolic-full-name development@{u}
> git rev-list --left-right development...refs/remotes/origin/development
> git for-each-ref --format %(refname) %(objectname) --sort -committerdate
> git remote --verbose
> git ls-files --stage -- /home/uppercenter/Desktop/Projects/derguns.town/src/ts/server/mapUtils.ts
> git config --get commit.template
> git cat-file -s 986a2e8ff5a2f7d31bb9c4376110f8474121a2bb
> git show :src/ts/server/mapUtils.ts
> git ls-files --stage -- /home/uppercenter/Desktop/Projects/derguns.town/src/ts/server/mapUtils.ts
> git cat-file -s 986a2e8ff5a2f7d31bb9c4376110f8474121a2bb
> git show :src/ts/server/mapUtils.ts
/bin/sh: warning: setlocale: LC_ALL: cannot change locale (en_US.UTF-8)
/bin/sh: warning: setlocale: LC_ALL: cannot change locale (en_US.UTF-8)
> git status -z -u
> git symbolic-ref --short HEAD
> git rev-parse development
> git rev-parse --symbolic-full-name development@{u}
> git rev-list --left-right development...refs/remotes/origin/development
> git for-each-ref --format %(refname) %(objectname) --sort -committerdate
> git remote --verbose
> git config --get commit.template
> git ls-files --stage -- /home/uppercenter/Desktop/Projects/derguns.town/src/ts/server/mapUtils.ts
> git cat-file -s 986a2e8ff5a2f7d31bb9c4376110f8474121a2bb
> git show :src/ts/server/mapUtils.ts
> git status -z -u
> git symbolic-ref --short HEAD
> git rev-parse development
> git rev-parse --symbolic-full-name development@{u}
> git rev-list --left-right development...refs/remotes/origin/development
> git for-each-ref --format %(refname) %(objectname) --sort -committerdate
> git remote --verbose
> git config --get commit.template
> git status -z -u
> git symbolic-ref --short HEAD
> git rev-parse development
> git rev-parse --symbolic-full-name development@{u}
> git rev-list --left-right development...refs/remotes/origin/development
> git for-each-ref --format %(refname) %(objectname) --sort -committerdate
> git remote --verbose
> git config --get commit.template
> git fetch
> git status -z -u
> git symbolic-ref --short HEAD
> git rev-parse development
> git rev-parse --symbolic-full-name development@{u}
> git rev-list --left-right development...refs/remotes/origin/development
> git for-each-ref --format %(refname) %(objectname) --sort -committerdate
> git remote --verbose
> git config --get commit.template
> git ls-files --stage -- /home/uppercenter/Desktop/Projects/derguns.town/src/ts/server/mapUtils.ts
> git cat-file -s 986a2e8ff5a2f7d31bb9c4376110f8474121a2bb
> git show :src/ts/server/mapUtils.ts
/bin/sh: warning: setlocale: LC_ALL: cannot change locale (en_US.UTF-8)
/bin/sh: warning: setlocale: LC_ALL: cannot change locale (en_US.UTF-8)
> git status -z -u
> git symbolic-ref --short HEAD
> git rev-parse development
> git rev-parse --symbolic-full-name development@{u}
> git rev-list --left-right development...refs/remotes/origin/development
> git for-each-ref --format %(refname) %(objectname) --sort -committerdate
> git remote --verbose
> git config --get commit.template
> git pull --tags origin development
> git ls-files --stage -- /home/uppercenter/Desktop/Projects/derguns.town/src/ts/server/mapUtils.ts
> git cat-file -s 986a2e8ff5a2f7d31bb9c4376110f8474121a2bb
> git show :src/ts/server/mapUtils.ts
/bin/sh: warning: setlocale: LC_ALL: cannot change locale (en_US.UTF-8)
/bin/sh: warning: setlocale: LC_ALL: cannot change locale (en_US.UTF-8)
From https://github.com/UpperCenter/derguns.town
 * branch              development -> FETCH_HEAD
> git status -z -u
> git symbolic-ref --short HEAD
> git rev-parse development
> git rev-parse --symbolic-full-name development@{u}
> git rev-list --left-right development...refs/remotes/origin/development
> git for-each-ref --format %(refname) %(objectname) --sort -committerdate
> git remote --verbose
> git config --get commit.template
> git ls-files --stage -- /home/uppercenter/Desktop/Projects/derguns.town/src/ts/server/mapUtils.ts
> git cat-file -s 986a2e8ff5a2f7d31bb9c4376110f8474121a2bb
> git show :src/ts/server/mapUtils.ts
> git status -z -u
> git symbolic-ref --short HEAD
> git rev-parse development
> git rev-parse --symbolic-full-name development@{u}
> git rev-list --left-right development...refs/remotes/origin/development
> git for-each-ref --format %(refname) %(objectname) --sort -committerdate
> git remote --verbose
> git config --get commit.template
> git show :CHANGELOG.md
> git ls-files --stage -- /home/uppercenter/Desktop/Projects/derguns.town/CHANGELOG.md
> git cat-file -s 01fd976136f1280f00a7786e1928257bf803ac6e
> git show :package.json
> git ls-files --stage -- /home/uppercenter/Desktop/Projects/derguns.town/package.json
> git cat-file -s 819c8726f86eebbf60fd73529c6f63b7bbd8dcbf
> git status -z -u
> git symbolic-ref --short HEAD
> git rev-parse development
> git rev-parse --symbolic-full-name development@{u}
> git rev-list --left-right development...refs/remotes/origin/development
> git for-each-ref --format %(refname) %(objectname) --sort -committerdate
> git remote --verbose
> git config --get commit.template
> git status -z -u
> git symbolic-ref --short HEAD
> git rev-parse development
> git rev-parse --symbolic-full-name development@{u}
> git rev-list --left-right development...refs/remotes/origin/development
> git for-each-ref --format %(refname) %(objectname) --sort -committerdate
> git remote --verbose
> git config --get commit.template
> git status -z -u
> git symbolic-ref --short HEAD
> git rev-parse development
> git rev-parse --symbolic-full-name development@{u}
> git rev-list --left-right development...refs/remotes/origin/development
> git for-each-ref --format %(refname) %(objectname) --sort -committerdate
> git remote --verbose
> git config --get commit.template
> git status -z -u
> git symbolic-ref --short HEAD
> git rev-parse development
> git rev-parse --symbolic-full-name development@{u}
> git rev-list --left-right development...refs/remotes/origin/development
> git for-each-ref --format %(refname) %(objectname) --sort -committerdate
> git remote --verbose
> git config --get commit.template
> git show :CHANGELOG.md
> git ls-files --stage -- /home/uppercenter/Desktop/Projects/derguns.town/CHANGELOG.md
> git cat-file -s 01fd976136f1280f00a7786e1928257bf803ac6e
> git status -z -u
> git symbolic-ref --short HEAD
> git rev-parse development
> git rev-parse --symbolic-full-name development@{u}
> git rev-list --left-right development...refs/remotes/origin/development
> git for-each-ref --format %(refname) %(objectname) --sort -committerdate
> git remote --verbose
> git config --get commit.template
> git show :package-lock.json
> git ls-files --stage -- /home/uppercenter/Desktop/Projects/derguns.town/package-lock.json
> git cat-file -s 5dc3a747e83cf5dd109d4c99c3bdc149c734d5cc
> git status -z -u
> git symbolic-ref --short HEAD
> git rev-parse development
> git rev-parse --symbolic-full-name development@{u}
> git rev-list --left-right development...refs/remotes/origin/development
> git for-each-ref --format %(refname) %(objectname) --sort -committerdate
> git remote --verbose
> git config --get commit.template
> git show :CHANGELOG.md
> git ls-files --stage -- /home/uppercenter/Desktop/Projects/derguns.town/CHANGELOG.md
> git cat-file -s 01fd976136f1280f00a7786e1928257bf803ac6e
> git add -A -- .
> git commit --quiet --allow-empty-message --file -
/bin/sh: warning: setlocale: LC_ALL: cannot change locale (en_US.UTF-8)
> git status -z -u
> git symbolic-ref --short HEAD
> git rev-parse development
> git rev-parse --symbolic-full-name development@{u}
> git rev-list --left-right development...refs/remotes/origin/development
> git for-each-ref --format %(refname) %(objectname) --sort -committerdate
> git remote --verbose
> git config --get commit.template
> git config --get commit.template
> git ls-files --stage -- /home/uppercenter/Desktop/Projects/derguns.town/CHANGELOG.md
> git cat-file -s 01fd976136f1280f00a7786e1928257bf803ac6e
> git show :CHANGELOG.md
> git status -z -u
> git symbolic-ref --short HEAD
> git rev-parse development
> git rev-parse --symbolic-full-name development@{u}
> git rev-list --left-right development...refs/remotes/origin/development
> git for-each-ref --format %(refname) %(objectname) --sort -committerdate
> git remote --verbose
> git pull --tags origin development
> git config --get commit.template
> git ls-files --stage -- /home/uppercenter/Desktop/Projects/derguns.town/CHANGELOG.md
> git cat-file -s 01fd976136f1280f00a7786e1928257bf803ac6e
> git show :CHANGELOG.md
/bin/sh: warning: setlocale: LC_ALL: cannot change locale (en_US.UTF-8)
/bin/sh: warning: setlocale: LC_ALL: cannot change locale (en_US.UTF-8)
From https://github.com/UpperCenter/derguns.town
 * branch              development -> FETCH_HEAD
> git push origin development:development
> git ls-files --stage -- /home/uppercenter/Desktop/Projects/derguns.town/CHANGELOG.md
> git cat-file -s 01fd976136f1280f00a7786e1928257bf803ac6e
> git show :CHANGELOG.md
/bin/sh: warning: setlocale: LC_ALL: cannot change locale (en_US.UTF-8)
/bin/sh: warning: setlocale: LC_ALL: cannot change locale (en_US.UTF-8)
/bin/sh: warning: setlocale: LC_ALL: cannot change locale (en_US.UTF-8)
/bin/sh: warning: setlocale: LC_ALL: cannot change locale (en_US.UTF-8)
/bin/sh: warning: setlocale: LC_ALL: cannot change locale (en_US.UTF-8)
To https://github.com/UpperCenter/derguns.town.git
   b6b67fc2..8175d9aa  development -> development
> git status -z -u
> git symbolic-ref --short HEAD
> git rev-parse development
> git rev-parse --symbolic-full-name development@{u}
> git rev-list --left-right development...refs/remotes/origin/development
> git for-each-ref --format %(refname) %(objectname) --sort -committerdate
> git remote --verbose
> git config --get commit.template
> git ls-files --stage -- /home/uppercenter/Desktop/Projects/derguns.town/CHANGELOG.md
> git cat-file -s 01fd976136f1280f00a7786e1928257bf803ac6e
> git show :CHANGELOG.md
> git status -z -u
> git symbolic-ref --short HEAD
> git rev-parse development
> git rev-parse --symbolic-full-name development@{u}
> git rev-list --left-right development...refs/remotes/origin/development
> git for-each-ref --format %(refname) %(objectname) --sort -committerdate
> git remote --verbose
> git config --get commit.template
> git pull --tags origin development
> git ls-files --stage -- /home/uppercenter/Desktop/Projects/derguns.town/CHANGELOG.md
> git cat-file -s 01fd976136f1280f00a7786e1928257bf803ac6e
> git show :CHANGELOG.md
/bin/sh: warning: setlocale: LC_ALL: cannot change locale (en_US.UTF-8)
/bin/sh: warning: setlocale: LC_ALL: cannot change locale (en_US.UTF-8)
From https://github.com/UpperCenter/derguns.town
 * branch              development -> FETCH_HEAD
> git status -z -u
> git symbolic-ref --short HEAD
> git rev-parse development
> git rev-parse --symbolic-full-name development@{u}
> git rev-list --left-right development...refs/remotes/origin/development
> git for-each-ref --format %(refname) %(objectname) --sort -committerdate
> git remote --verbose
> git config --get commit.template
> git ls-files --stage -- /home/uppercenter/Desktop/Projects/derguns.town/CHANGELOG.md
> git cat-file -s 01fd976136f1280f00a7786e1928257bf803ac6e
> git show :CHANGELOG.md
> git status -z -u
> git symbolic-ref --short HEAD
> git rev-parse development
> git rev-parse --symbolic-full-name development@{u}
> git rev-list --left-right development...refs/remotes/origin/development
> git for-each-ref --format %(refname) %(objectname) --sort -committerdate
> git remote --verbose
> git config --get commit.template
