[2020-05-10 14:32:31.436] [exthost] [info] extension host started
[2020-05-10 14:32:31.452] [exthost] [info] ExtensionService#_doActivateExtension vscode.configuration-editing {"startup":false,"extensionId":{"value":"vscode.configuration-editing","_lower":"vscode.configuration-editing"},"activationEvent":"onLanguage:json"}
[2020-05-10 14:32:31.453] [exthost] [info] ExtensionService#loadCommonJSModule file:///usr/lib/code/extensions/configuration-editing/dist/extension
[2020-05-10 14:32:31.457] [exthost] [info] ExtensionService#_doActivateExtension vscode.extension-editing {"startup":false,"extensionId":{"value":"vscode.extension-editing","_lower":"vscode.extension-editing"},"activationEvent":"onLanguage:json"}
[2020-05-10 14:32:31.457] [exthost] [info] ExtensionService#loadCommonJSModule file:///usr/lib/code/extensions/extension-editing/dist/extension
[2020-05-10 14:32:31.465] [exthost] [info] ExtensionService#_doActivateExtension vscode.json-language-features {"startup":false,"extensionId":{"value":"vscode.json-language-features","_lower":"vscode.json-language-features"},"activationEvent":"onLanguage:json"}
[2020-05-10 14:32:31.465] [exthost] [info] ExtensionService#loadCommonJSModule file:///usr/lib/code/extensions/json-language-features/client/dist/jsonMain
[2020-05-10 14:32:31.483] [exthost] [info] ExtensionService#_doActivateExtension vscode.npm {"startup":false,"extensionId":{"value":"vscode.npm","_lower":"vscode.npm"},"activationEvent":"onLanguage:json"}
[2020-05-10 14:32:31.483] [exthost] [info] ExtensionService#loadCommonJSModule file:///usr/lib/code/extensions/npm/dist/main
[2020-05-10 14:32:31.489] [exthost] [info] ExtensionService#_doActivateExtension vscode.debug-auto-launch {"startup":true,"extensionId":{"value":"vscode.debug-auto-launch","_lower":"vscode.debug-auto-launch"},"activationEvent":"*"}
[2020-05-10 14:32:31.489] [exthost] [info] ExtensionService#loadCommonJSModule file:///usr/lib/code/extensions/debug-auto-launch/dist/extension
[2020-05-10 14:32:31.491] [exthost] [info] ExtensionService#_doActivateExtension vscode.emmet {"startup":true,"extensionId":{"value":"vscode.emmet","_lower":"vscode.emmet"},"activationEvent":"*"}
[2020-05-10 14:32:31.491] [exthost] [info] ExtensionService#loadCommonJSModule file:///usr/lib/code/extensions/emmet/dist/extension
[2020-05-10 14:32:31.508] [exthost] [info] ExtensionService#_doActivateExtension vscode.git {"startup":true,"extensionId":{"value":"vscode.git","_lower":"vscode.git"},"activationEvent":"*"}
[2020-05-10 14:32:31.508] [exthost] [info] ExtensionService#loadCommonJSModule file:///usr/lib/code/extensions/git/dist/main
[2020-05-10 14:32:31.538] [exthost] [info] ExtensionService#_doActivateExtension vscode.github-authentication {"startup":true,"extensionId":{"value":"vscode.github-authentication","_lower":"vscode.github-authentication"},"activationEvent":"*"}
[2020-05-10 14:32:31.538] [exthost] [info] ExtensionService#loadCommonJSModule file:///usr/lib/code/extensions/github-authentication/dist/extension.js
[2020-05-10 14:32:31.544] [exthost] [info] ExtensionService#_doActivateExtension vscode.merge-conflict {"startup":true,"extensionId":{"value":"vscode.merge-conflict","_lower":"vscode.merge-conflict"},"activationEvent":"*"}
[2020-05-10 14:32:31.544] [exthost] [info] ExtensionService#loadCommonJSModule file:///usr/lib/code/extensions/merge-conflict/dist/extension
[2020-05-10 14:32:31.546] [exthost] [info] ExtensionService#_doActivateExtension vscode.search-result {"startup":true,"extensionId":{"value":"vscode.search-result","_lower":"vscode.search-result"},"activationEvent":"*"}
[2020-05-10 14:32:31.546] [exthost] [info] ExtensionService#loadCommonJSModule file:///usr/lib/code/extensions/search-result/dist/extension.js
[2020-05-10 14:32:31.547] [exthost] [info] ExtensionService#_doActivateExtension vscode.vscode-account {"startup":true,"extensionId":{"value":"vscode.vscode-account","_lower":"vscode.vscode-account"},"activationEvent":"*"}
[2020-05-10 14:32:31.547] [exthost] [info] ExtensionService#loadCommonJSModule file:///usr/lib/code/extensions/vscode-account/dist/extension.js
[2020-05-10 14:32:31.550] [exthost] [info] ExtensionService#_doActivateExtension christian-kohler.path-intellisense {"startup":true,"extensionId":{"value":"christian-kohler.path-intellisense","_lower":"christian-kohler.path-intellisense"},"activationEvent":"*"}
[2020-05-10 14:32:31.550] [exthost] [info] ExtensionService#loadCommonJSModule file:///home/uppercenter/.vscode-oss/extensions/christian-kohler.path-intellisense-1.4.2/out/src/extension
[2020-05-10 14:32:31.557] [exthost] [info] ExtensionService#_doActivateExtension esbenp.prettier-vscode {"startup":true,"extensionId":{"value":"esbenp.prettier-vscode","_lower":"esbenp.prettier-vscode"},"activationEvent":"*"}
[2020-05-10 14:32:31.557] [exthost] [info] ExtensionService#loadCommonJSModule file:///home/uppercenter/.vscode-oss/extensions/esbenp.prettier-vscode-4.5.0/dist/extension
[2020-05-10 14:32:31.632] [exthost] [info] ExtensionService#_doActivateExtension vscode-icons-team.vscode-icons {"startup":true,"extensionId":{"value":"vscode-icons-team.vscode-icons","_lower":"vscode-icons-team.vscode-icons"},"activationEvent":"*"}
[2020-05-10 14:32:31.632] [exthost] [info] ExtensionService#loadCommonJSModule file:///home/uppercenter/.vscode-oss/extensions/vscode-icons-team.vscode-icons-10.1.1/dist/src/vscode-icons.bundle.js
[2020-05-10 14:32:31.739] [exthost] [info] eager extensions activated
[2020-05-10 14:32:32.052] [exthost] [info] ExtensionService#_doActivateExtension vscode.typescript-language-features {"startup":false,"extensionId":{"value":"vscode.typescript-language-features","_lower":"vscode.typescript-language-features"},"activationEvent":"onLanguage:jsonc"}
[2020-05-10 14:32:32.052] [exthost] [info] ExtensionService#loadCommonJSModule file:///usr/lib/code/extensions/typescript-language-features/dist/extension
[2020-05-10 14:32:44.055] [exthost] [info] ExtensionService#_doActivateExtension ms-vscode.vscode-typescript-tslint-plugin {"startup":false,"extensionId":{"value":"ms-vscode.vscode-typescript-tslint-plugin","_lower":"ms-vscode.vscode-typescript-tslint-plugin"},"activationEvent":"onLanguage:typescript"}
[2020-05-10 14:32:44.055] [exthost] [info] ExtensionService#loadCommonJSModule file:///home/uppercenter/.vscode-oss/extensions/ms-vscode.vscode-typescript-tslint-plugin-1.2.3/out/index.js
[2020-05-10 14:32:44.058] [exthost] [info] ExtensionService#_doActivateExtension pmneo.tsimporter {"startup":false,"extensionId":{"value":"pmneo.tsimporter","_lower":"pmneo.tsimporter"},"activationEvent":"onLanguage:typescript"}
[2020-05-10 14:32:44.058] [exthost] [info] ExtensionService#loadCommonJSModule file:///home/uppercenter/.vscode-oss/extensions/pmneo.tsimporter-2.0.1/out/TypeScriptImporter
[2020-05-10 14:32:44.063] [exthost] [info] ExtensionService#_doActivateExtension rbbit.typescript-hero {"startup":false,"extensionId":{"value":"rbbit.typescript-hero","_lower":"rbbit.typescript-hero"},"activationEvent":"onLanguage:typescript"}
[2020-05-10 14:32:44.063] [exthost] [info] ExtensionService#loadCommonJSModule file:///home/uppercenter/.vscode-oss/extensions/rbbit.typescript-hero-3.0.0/out/src/extension
[2020-05-10 15:04:47.423] [exthost] [info] ExtensionService#_doActivateExtension vscode.markdown-language-features {"startup":false,"extensionId":{"value":"vscode.markdown-language-features","_lower":"vscode.markdown-language-features"},"activationEvent":"onLanguage:markdown"}
[2020-05-10 15:04:47.423] [exthost] [info] ExtensionService#loadCommonJSModule file:///usr/lib/code/extensions/markdown-language-features/dist/extension
